[{"line":1,"elements":[{"start_timestamp":"2023-02-23T12:51:09.829Z","line":3,"name":"user forget his password and receive an email to reset it","description":"","id":"test-forget-password-functionality;user-forget-his-password-and-receive-an-email-to-reset-it","type":"scenario","keyword":"Scenario","steps":[{"result":{"duration":18708323200,"status":"passed"},"line":4,"name":"user open the website and click on forget password","match":{"location":"stepDefinitions.forget_password_steps.user_open_the_website_and_click_on_forget_password()"},"keyword":"Given "},{"result":{"duration":1609808900,"status":"passed"},"line":5,"name":"user write email as \"a.aouadi@coral-io.fr\"","match":{"arguments":[{"val":"\"a.aouadi@coral-io.fr\"","offset":20}],"location":"stepDefinitions.forget_password_steps.user_write_email(java.lang.String)"},"keyword":"When "},{"result":{"duration":166163200,"status":"passed"},"line":6,"name":"user confirm the email","match":{"location":"stepDefinitions.forget_password_steps.user_confirm_the_email()"},"keyword":"And "},{"result":{"error_message":"org.openqa.selenium.NoSuchElementException: no such element: Unable to locate element: {\"method\":\"css selector\",\"selector\":\".zE\"}\n  (Session info: chrome=110.0.5481.77)\nFor documentation on this error, please visit: https://selenium.dev/exceptions/#no_such_element\nBuild info: version: '4.6.0', revision: '79f1c02ae20'\nSystem info: os.name: 'Windows 10', os.arch: 'amd64', os.version: '10.0', java.version: '17.0.6'\nDriver info: org.openqa.selenium.chrome.ChromeDriver\nCommand: [a0de4ed0b0c75139c101494cb18584ee, findElement {using=class name, value=zE}]\nCapabilities {acceptInsecureCerts: false, browserName: chrome, browserVersion: 110.0.5481.77, chrome: {chromedriverVersion: 110.0.5481.77 (65ed616c6e8e..., userDataDir: C:\\Users\\user\\AppData\\Local...}, goog:chromeOptions: {debuggerAddress: localhost:64793}, networkConnectionEnabled: false, pageLoadStrategy: normal, platformName: WINDOWS, proxy: Proxy(), se:cdp: ws://localhost:64793/devtoo..., se:cdpVersion: 110.0.5481.77, setWindowRect: true, strictFileInteractability: false, timeouts: {implicit: 0, pageLoad: 300000, script: 30000}, unhandledPromptBehavior: dismiss and notify, webauthn:extension:credBlob: true, webauthn:extension:largeBlob: true, webauthn:virtualAuthenticators: true}\nSession ID: a0de4ed0b0c75139c101494cb18584ee\r\n\tat java.base/jdk.internal.reflect.NativeConstructorAccessorImpl.newInstance0(Native Method)\r\n\tat java.base/jdk.internal.reflect.NativeConstructorAccessorImpl.newInstance(NativeConstructorAccessorImpl.java:77)\r\n\tat java.base/jdk.internal.reflect.DelegatingConstructorAccessorImpl.newInstance(DelegatingConstructorAccessorImpl.java:45)\r\n\tat java.base/java.lang.reflect.Constructor.newInstanceWithCaller(Constructor.java:499)\r\n\tat java.base/java.lang.reflect.Constructor.newInstance(Constructor.java:480)\r\n\tat org.openqa.selenium.remote.codec.w3c.W3CHttpResponseCodec.createException(W3CHttpResponseCodec.java:200)\r\n\tat org.openqa.selenium.remote.codec.w3c.W3CHttpResponseCodec.decode(W3CHttpResponseCodec.java:133)\r\n\tat org.openqa.selenium.remote.codec.w3c.W3CHttpResponseCodec.decode(W3CHttpResponseCodec.java:53)\r\n\tat org.openqa.selenium.remote.HttpCommandExecutor.execute(HttpCommandExecutor.java:184)\r\n\tat org.openqa.selenium.remote.service.DriverCommandExecutor.invokeExecute(DriverCommandExecutor.java:167)\r\n\tat org.openqa.selenium.remote.service.DriverCommandExecutor.execute(DriverCommandExecutor.java:142)\r\n\tat org.openqa.selenium.remote.RemoteWebDriver.execute(RemoteWebDriver.java:541)\r\n\tat org.openqa.selenium.remote.ElementLocation$ElementFinder$2.findElement(ElementLocation.java:162)\r\n\tat org.openqa.selenium.remote.ElementLocation.findElement(ElementLocation.java:66)\r\n\tat org.openqa.selenium.remote.RemoteWebDriver.findElement(RemoteWebDriver.java:365)\r\n\tat org.openqa.selenium.remote.RemoteWebDriver.findElement(RemoteWebDriver.java:357)\r\n\tat stepDefinitions.forget_password_steps.user_visit_the_mail_and_click_on_the_link(forget_password_steps.java:75)\r\n\tat ✽.user visit the mail and click on the link(file:///C:/Users/user/Desktop/uwas-quality-automation/src/test/resources/functionalFeatures/3forget_password.feature:7)\r\n","duration":36345133100,"status":"failed"},"line":7,"name":"user visit the mail and click on the link","match":{"location":"stepDefinitions.forget_password_steps.user_visit_the_mail_and_click_on_the_link()"},"keyword":"And "},{"result":{"duration":615500,"status":"skipped"},"line":8,"name":"user write password as \"Aziz1996@!!\"","match":{"arguments":[{"val":"\"Aziz1996@!!\"","offset":23}],"location":"stepDefinitions.forget_password_steps.user_write_password(java.lang.String)"},"keyword":"And "},{"result":{"status":"skipped"},"line":9,"name":"user write confirm_password as \"Aziz1996@!!\"","match":{"arguments":[{"val":"\"Aziz1996@!!\"","offset":31}],"location":"stepDefinitions.forget_password_steps.user_write_confirm_password(java.lang.String)"},"keyword":"And "},{"result":{"duration":1489100,"status":"skipped"},"line":10,"name":"the password is changed user can login with new password as \"Aziz1996@!!\" and email as \"a.aouadi@coral-io.fr\"","match":{"arguments":[{"val":"\"Aziz1996@!!\"","offset":60},{"val":"\"a.aouadi@coral-io.fr\"","offset":87}],"location":"stepDefinitions.forget_password_steps.the_password_is_changed_user_can_login_with_new_password_and_email(java.lang.String,java.lang.String)"},"keyword":"Then "}]},{"start_timestamp":"2023-02-23T12:52:06.917Z","line":12,"name":"user try to reset his password without having an account","description":"","id":"test-forget-password-functionality;user-try-to-reset-his-password-without-having-an-account","type":"scenario","keyword":"Scenario","steps":[{"result":{"duration":28649409400,"status":"passed"},"line":13,"name":"user open the website and click on forget password","match":{"location":"stepDefinitions.forget_password_steps.user_open_the_website_and_click_on_forget_password()"},"keyword":"Given "},{"result":{"duration":2319225100,"status":"passed"},"line":14,"name":"user write email as \"aaw1996.f@gmail.com\"","match":{"arguments":[{"val":"\"aaw1996.f@gmail.com\"","offset":20}],"location":"stepDefinitions.forget_password_steps.user_write_email(java.lang.String)"},"keyword":"When "},{"result":{"duration":240848600,"status":"passed"},"line":15,"name":"user confirm the email","match":{"location":"stepDefinitions.forget_password_steps.user_confirm_the_email()"},"keyword":"And "},{"result":{"duration":624432400,"status":"passed"},"line":16,"name":"an error message is displayed","match":{"location":"stepDefinitions.forget_password_steps.an_error_message_is_displayed()"},"keyword":"Then "}]},{"start_timestamp":"2023-02-23T12:52:38.808Z","line":29,"name":"user forget his password and receive an email to reset it but doesn't accept the password conditions","description":"","id":"test-forget-password-functionality;user-forget-his-password-and-receive-an-email-to-reset-it-but-doesn-t-accept-the-password-conditions;;2","type":"scenario","keyword":"Scenario Outline","steps":[{"result":{"duration":17827803700,"status":"passed"},"line":19,"name":"user open the website and click on forget password","match":{"location":"stepDefinitions.forget_password_steps.user_open_the_website_and_click_on_forget_password()"},"keyword":"Given "},{"result":{"duration":1665106100,"status":"passed"},"line":20,"name":"user write email as \"a.aouadi@coral-io.fr\"","match":{"arguments":[{"val":"\"a.aouadi@coral-io.fr\"","offset":20}],"location":"stepDefinitions.forget_password_steps.user_write_email(java.lang.String)"},"keyword":"When "},{"result":{"duration":165500000,"status":"passed"},"line":21,"name":"user confirm the email","match":{"location":"stepDefinitions.forget_password_steps.user_confirm_the_email()"},"keyword":"And "},{"result":{"error_message":"org.openqa.selenium.NoSuchElementException: no such element: Unable to locate element: {\"method\":\"css selector\",\"selector\":\".zE\"}\n  (Session info: chrome=110.0.5481.77)\nFor documentation on this error, please visit: https://selenium.dev/exceptions/#no_such_element\nBuild info: version: '4.6.0', revision: '79f1c02ae20'\nSystem info: os.name: 'Windows 10', os.arch: 'amd64', os.version: '10.0', java.version: '17.0.6'\nDriver info: org.openqa.selenium.chrome.ChromeDriver\nCommand: [c827103dfa6e1adc05440ed1b65fbbe1, findElement {using=class name, value=zE}]\nCapabilities {acceptInsecureCerts: false, browserName: chrome, browserVersion: 110.0.5481.77, chrome: {chromedriverVersion: 110.0.5481.77 (65ed616c6e8e..., userDataDir: C:\\Users\\user\\AppData\\Local...}, goog:chromeOptions: {debuggerAddress: localhost:64931}, networkConnectionEnabled: false, pageLoadStrategy: normal, platformName: WINDOWS, proxy: Proxy(), se:cdp: ws://localhost:64931/devtoo..., se:cdpVersion: 110.0.5481.77, setWindowRect: true, strictFileInteractability: false, timeouts: {implicit: 0, pageLoad: 300000, script: 30000}, unhandledPromptBehavior: dismiss and notify, webauthn:extension:credBlob: true, webauthn:extension:largeBlob: true, webauthn:virtualAuthenticators: true}\nSession ID: c827103dfa6e1adc05440ed1b65fbbe1\r\n\tat java.base/jdk.internal.reflect.NativeConstructorAccessorImpl.newInstance0(Native Method)\r\n\tat java.base/jdk.internal.reflect.NativeConstructorAccessorImpl.newInstance(NativeConstructorAccessorImpl.java:77)\r\n\tat java.base/jdk.internal.reflect.DelegatingConstructorAccessorImpl.newInstance(DelegatingConstructorAccessorImpl.java:45)\r\n\tat java.base/java.lang.reflect.Constructor.newInstanceWithCaller(Constructor.java:499)\r\n\tat java.base/java.lang.reflect.Constructor.newInstance(Constructor.java:480)\r\n\tat org.openqa.selenium.remote.codec.w3c.W3CHttpResponseCodec.createException(W3CHttpResponseCodec.java:200)\r\n\tat org.openqa.selenium.remote.codec.w3c.W3CHttpResponseCodec.decode(W3CHttpResponseCodec.java:133)\r\n\tat org.openqa.selenium.remote.codec.w3c.W3CHttpResponseCodec.decode(W3CHttpResponseCodec.java:53)\r\n\tat org.openqa.selenium.remote.HttpCommandExecutor.execute(HttpCommandExecutor.java:184)\r\n\tat org.openqa.selenium.remote.service.DriverCommandExecutor.invokeExecute(DriverCommandExecutor.java:167)\r\n\tat org.openqa.selenium.remote.service.DriverCommandExecutor.execute(DriverCommandExecutor.java:142)\r\n\tat org.openqa.selenium.remote.RemoteWebDriver.execute(RemoteWebDriver.java:541)\r\n\tat org.openqa.selenium.remote.ElementLocation$ElementFinder$2.findElement(ElementLocation.java:162)\r\n\tat org.openqa.selenium.remote.ElementLocation.findElement(ElementLocation.java:66)\r\n\tat org.openqa.selenium.remote.RemoteWebDriver.findElement(RemoteWebDriver.java:365)\r\n\tat org.openqa.selenium.remote.RemoteWebDriver.findElement(RemoteWebDriver.java:357)\r\n\tat stepDefinitions.forget_password_steps.user_visit_the_mail_and_click_on_the_link(forget_password_steps.java:75)\r\n\tat ✽.user visit the mail and click on the link(file:///C:/Users/user/Desktop/uwas-quality-automation/src/test/resources/functionalFeatures/3forget_password.feature:22)\r\n","duration":40567433900,"status":"failed"},"line":22,"name":"user visit the mail and click on the link","match":{"location":"stepDefinitions.forget_password_steps.user_visit_the_mail_and_click_on_the_link()"},"keyword":"And "},{"result":{"duration":7590200,"status":"skipped"},"line":23,"name":"user write password as \"admin123!\"","match":{"arguments":[{"val":"\"admin123!\"","offset":23}],"location":"stepDefinitions.forget_password_steps.user_write_password(java.lang.String)"},"keyword":"And "},{"result":{"status":"skipped"},"line":24,"name":"user write confirm_password as \"admin123!\"","match":{"arguments":[{"val":"\"admin123!\"","offset":31}],"location":"stepDefinitions.forget_password_steps.user_write_confirm_password(java.lang.String)"},"keyword":"And "},{"result":{"duration":1012300,"status":"skipped"},"line":25,"name":"the password is not changed and an error message appear","match":{"location":"stepDefinitions.forget_password_steps.the_password_is_not_changed_and_an_error_message_appear()"},"keyword":"Then "}]},{"start_timestamp":"2023-02-23T12:53:39.140Z","line":30,"name":"user forget his password and receive an email to reset it but doesn't accept the password conditions","description":"","id":"test-forget-password-functionality;user-forget-his-password-and-receive-an-email-to-reset-it-but-doesn-t-accept-the-password-conditions;;3","type":"scenario","keyword":"Scenario Outline","steps":[{"result":{"duration":33996794100,"status":"passed"},"line":19,"name":"user open the website and click on forget password","match":{"location":"stepDefinitions.forget_password_steps.user_open_the_website_and_click_on_forget_password()"},"keyword":"Given "},{"result":{"duration":1484277100,"status":"passed"},"line":20,"name":"user write email as \"a.aouadi@coral-io.fr\"","match":{"arguments":[{"val":"\"a.aouadi@coral-io.fr\"","offset":20}],"location":"stepDefinitions.forget_password_steps.user_write_email(java.lang.String)"},"keyword":"When "},{"result":{"duration":95602700,"status":"passed"},"line":21,"name":"user confirm the email","match":{"location":"stepDefinitions.forget_password_steps.user_confirm_the_email()"},"keyword":"And "},{"result":{"error_message":"org.openqa.selenium.NoSuchElementException: no such element: Unable to locate element: {\"method\":\"css selector\",\"selector\":\".zE\"}\n  (Session info: chrome=110.0.5481.77)\nFor documentation on this error, please visit: https://selenium.dev/exceptions/#no_such_element\nBuild info: version: '4.6.0', revision: '79f1c02ae20'\nSystem info: os.name: 'Windows 10', os.arch: 'amd64', os.version: '10.0', java.version: '17.0.6'\nDriver info: org.openqa.selenium.chrome.ChromeDriver\nCommand: [59de09c46919ad3214532cfdc59c0209, findElement {using=class name, value=zE}]\nCapabilities {acceptInsecureCerts: false, browserName: chrome, browserVersion: 110.0.5481.77, chrome: {chromedriverVersion: 110.0.5481.77 (65ed616c6e8e..., userDataDir: C:\\Users\\user\\AppData\\Local...}, goog:chromeOptions: {debuggerAddress: localhost:65030}, networkConnectionEnabled: false, pageLoadStrategy: normal, platformName: WINDOWS, proxy: Proxy(), se:cdp: ws://localhost:65030/devtoo..., se:cdpVersion: 110.0.5481.77, setWindowRect: true, strictFileInteractability: false, timeouts: {implicit: 0, pageLoad: 300000, script: 30000}, unhandledPromptBehavior: dismiss and notify, webauthn:extension:credBlob: true, webauthn:extension:largeBlob: true, webauthn:virtualAuthenticators: true}\nSession ID: 59de09c46919ad3214532cfdc59c0209\r\n\tat java.base/jdk.internal.reflect.NativeConstructorAccessorImpl.newInstance0(Native Method)\r\n\tat java.base/jdk.internal.reflect.NativeConstructorAccessorImpl.newInstance(NativeConstructorAccessorImpl.java:77)\r\n\tat java.base/jdk.internal.reflect.DelegatingConstructorAccessorImpl.newInstance(DelegatingConstructorAccessorImpl.java:45)\r\n\tat java.base/java.lang.reflect.Constructor.newInstanceWithCaller(Constructor.java:499)\r\n\tat java.base/java.lang.reflect.Constructor.newInstance(Constructor.java:480)\r\n\tat org.openqa.selenium.remote.codec.w3c.W3CHttpResponseCodec.createException(W3CHttpResponseCodec.java:200)\r\n\tat org.openqa.selenium.remote.codec.w3c.W3CHttpResponseCodec.decode(W3CHttpResponseCodec.java:133)\r\n\tat org.openqa.selenium.remote.codec.w3c.W3CHttpResponseCodec.decode(W3CHttpResponseCodec.java:53)\r\n\tat org.openqa.selenium.remote.HttpCommandExecutor.execute(HttpCommandExecutor.java:184)\r\n\tat org.openqa.selenium.remote.service.DriverCommandExecutor.invokeExecute(DriverCommandExecutor.java:167)\r\n\tat org.openqa.selenium.remote.service.DriverCommandExecutor.execute(DriverCommandExecutor.java:142)\r\n\tat org.openqa.selenium.remote.RemoteWebDriver.execute(RemoteWebDriver.java:541)\r\n\tat org.openqa.selenium.remote.ElementLocation$ElementFinder$2.findElement(ElementLocation.java:162)\r\n\tat org.openqa.selenium.remote.ElementLocation.findElement(ElementLocation.java:66)\r\n\tat org.openqa.selenium.remote.RemoteWebDriver.findElement(RemoteWebDriver.java:365)\r\n\tat org.openqa.selenium.remote.RemoteWebDriver.findElement(RemoteWebDriver.java:357)\r\n\tat stepDefinitions.forget_password_steps.user_visit_the_mail_and_click_on_the_link(forget_password_steps.java:75)\r\n\tat ✽.user visit the mail and click on the link(file:///C:/Users/user/Desktop/uwas-quality-automation/src/test/resources/functionalFeatures/3forget_password.feature:22)\r\n","duration":35881400500,"status":"failed"},"line":22,"name":"user visit the mail and click on the link","match":{"location":"stepDefinitions.forget_password_steps.user_visit_the_mail_and_click_on_the_link()"},"keyword":"And "},{"result":{"status":"skipped"},"line":23,"name":"user write password as \"Admin1234\"","match":{"arguments":[{"val":"\"Admin1234\"","offset":23}],"location":"stepDefinitions.forget_password_steps.user_write_password(java.lang.String)"},"keyword":"And "},{"result":{"duration":496600,"status":"skipped"},"line":24,"name":"user write confirm_password as \"Admin1234\"","match":{"arguments":[{"val":"\"Admin1234\"","offset":31}],"location":"stepDefinitions.forget_password_steps.user_write_confirm_password(java.lang.String)"},"keyword":"And "},{"result":{"status":"skipped"},"line":25,"name":"the password is not changed and an error message appear","match":{"location":"stepDefinitions.forget_password_steps.the_password_is_not_changed_and_an_error_message_appear()"},"keyword":"Then "}]},{"start_timestamp":"2023-02-23T12:54:50.802Z","line":31,"name":"user forget his password and receive an email to reset it but doesn't accept the password conditions","description":"","id":"test-forget-password-functionality;user-forget-his-password-and-receive-an-email-to-reset-it-but-doesn-t-accept-the-password-conditions;;4","type":"scenario","keyword":"Scenario Outline","steps":[{"result":{"duration":30152556100,"status":"passed"},"line":19,"name":"user open the website and click on forget password","match":{"location":"stepDefinitions.forget_password_steps.user_open_the_website_and_click_on_forget_password()"},"keyword":"Given "},{"result":{"duration":1867142200,"status":"passed"},"line":20,"name":"user write email as \"a.aouadi@coral-io.fr\"","match":{"arguments":[{"val":"\"a.aouadi@coral-io.fr\"","offset":20}],"location":"stepDefinitions.forget_password_steps.user_write_email(java.lang.String)"},"keyword":"When "},{"result":{"duration":238353000,"status":"passed"},"line":21,"name":"user confirm the email","match":{"location":"stepDefinitions.forget_password_steps.user_confirm_the_email()"},"keyword":"And "},{"result":{"error_message":"org.openqa.selenium.NoSuchElementException: no such element: Unable to locate element: {\"method\":\"css selector\",\"selector\":\".zE\"}\n  (Session info: chrome=110.0.5481.77)\nFor documentation on this error, please visit: https://selenium.dev/exceptions/#no_such_element\nBuild info: version: '4.6.0', revision: '79f1c02ae20'\nSystem info: os.name: 'Windows 10', os.arch: 'amd64', os.version: '10.0', java.version: '17.0.6'\nDriver info: org.openqa.selenium.chrome.ChromeDriver\nCommand: [afd3f6b039468f44051db20f47e271a6, findElement {using=class name, value=zE}]\nCapabilities {acceptInsecureCerts: false, browserName: chrome, browserVersion: 110.0.5481.77, chrome: {chromedriverVersion: 110.0.5481.77 (65ed616c6e8e..., userDataDir: C:\\Users\\user\\AppData\\Local...}, goog:chromeOptions: {debuggerAddress: localhost:65142}, networkConnectionEnabled: false, pageLoadStrategy: normal, platformName: WINDOWS, proxy: Proxy(), se:cdp: ws://localhost:65142/devtoo..., se:cdpVersion: 110.0.5481.77, setWindowRect: true, strictFileInteractability: false, timeouts: {implicit: 0, pageLoad: 300000, script: 30000}, unhandledPromptBehavior: dismiss and notify, webauthn:extension:credBlob: true, webauthn:extension:largeBlob: true, webauthn:virtualAuthenticators: true}\nSession ID: afd3f6b039468f44051db20f47e271a6\r\n\tat java.base/jdk.internal.reflect.NativeConstructorAccessorImpl.newInstance0(Native Method)\r\n\tat java.base/jdk.internal.reflect.NativeConstructorAccessorImpl.newInstance(NativeConstructorAccessorImpl.java:77)\r\n\tat java.base/jdk.internal.reflect.DelegatingConstructorAccessorImpl.newInstance(DelegatingConstructorAccessorImpl.java:45)\r\n\tat java.base/java.lang.reflect.Constructor.newInstanceWithCaller(Constructor.java:499)\r\n\tat java.base/java.lang.reflect.Constructor.newInstance(Constructor.java:480)\r\n\tat org.openqa.selenium.remote.codec.w3c.W3CHttpResponseCodec.createException(W3CHttpResponseCodec.java:200)\r\n\tat org.openqa.selenium.remote.codec.w3c.W3CHttpResponseCodec.decode(W3CHttpResponseCodec.java:133)\r\n\tat org.openqa.selenium.remote.codec.w3c.W3CHttpResponseCodec.decode(W3CHttpResponseCodec.java:53)\r\n\tat org.openqa.selenium.remote.HttpCommandExecutor.execute(HttpCommandExecutor.java:184)\r\n\tat org.openqa.selenium.remote.service.DriverCommandExecutor.invokeExecute(DriverCommandExecutor.java:167)\r\n\tat org.openqa.selenium.remote.service.DriverCommandExecutor.execute(DriverCommandExecutor.java:142)\r\n\tat org.openqa.selenium.remote.RemoteWebDriver.execute(RemoteWebDriver.java:541)\r\n\tat org.openqa.selenium.remote.ElementLocation$ElementFinder$2.findElement(ElementLocation.java:162)\r\n\tat org.openqa.selenium.remote.ElementLocation.findElement(ElementLocation.java:66)\r\n\tat org.openqa.selenium.remote.RemoteWebDriver.findElement(RemoteWebDriver.java:365)\r\n\tat org.openqa.selenium.remote.RemoteWebDriver.findElement(RemoteWebDriver.java:357)\r\n\tat stepDefinitions.forget_password_steps.user_visit_the_mail_and_click_on_the_link(forget_password_steps.java:75)\r\n\tat ✽.user visit the mail and click on the link(file:///C:/Users/user/Desktop/uwas-quality-automation/src/test/resources/functionalFeatures/3forget_password.feature:22)\r\n","duration":35625191800,"status":"failed"},"line":22,"name":"user visit the mail and click on the link","match":{"location":"stepDefinitions.forget_password_steps.user_visit_the_mail_and_click_on_the_link()"},"keyword":"And "},{"result":{"duration":2281500,"status":"skipped"},"line":23,"name":"user write password as \"Admin!!!!\"","match":{"arguments":[{"val":"\"Admin!!!!\"","offset":23}],"location":"stepDefinitions.forget_password_steps.user_write_password(java.lang.String)"},"keyword":"And "},{"result":{"status":"skipped"},"line":24,"name":"user write confirm_password as \"Admin!!!!\"","match":{"arguments":[{"val":"\"Admin!!!!\"","offset":31}],"location":"stepDefinitions.forget_password_steps.user_write_confirm_password(java.lang.String)"},"keyword":"And "},{"result":{"duration":4991200,"status":"skipped"},"line":25,"name":"the password is not changed and an error message appear","match":{"location":"stepDefinitions.forget_password_steps.the_password_is_not_changed_and_an_error_message_appear()"},"keyword":"Then "}]},{"start_timestamp":"2023-02-23T12:55:59.281Z","line":32,"name":"user forget his password and receive an email to reset it but doesn't accept the password conditions","description":"","id":"test-forget-password-functionality;user-forget-his-password-and-receive-an-email-to-reset-it-but-doesn-t-accept-the-password-conditions;;5","type":"scenario","keyword":"Scenario Outline","steps":[{"result":{"duration":37445721600,"status":"passed"},"line":19,"name":"user open the website and click on forget password","match":{"location":"stepDefinitions.forget_password_steps.user_open_the_website_and_click_on_forget_password()"},"keyword":"Given "},{"result":{"duration":2601281400,"status":"passed"},"line":20,"name":"user write email as \"a.aouadi@coral-io.fr\"","match":{"arguments":[{"val":"\"a.aouadi@coral-io.fr\"","offset":20}],"location":"stepDefinitions.forget_password_steps.user_write_email(java.lang.String)"},"keyword":"When "},{"result":{"duration":172732800,"status":"passed"},"line":21,"name":"user confirm the email","match":{"location":"stepDefinitions.forget_password_steps.user_confirm_the_email()"},"keyword":"And "},{"result":{"error_message":"org.openqa.selenium.StaleElementReferenceException: stale element reference: element is not attached to the page document\n  (Session info: chrome=110.0.5481.77)\nFor documentation on this error, please visit: https://selenium.dev/exceptions/#stale_element_reference\nBuild info: version: '4.6.0', revision: '79f1c02ae20'\nSystem info: os.name: 'Windows 10', os.arch: 'amd64', os.version: '10.0', java.version: '17.0.6'\nDriver info: org.openqa.selenium.chrome.ChromeDriver\nCommand: [45f7fb3a0e1d23ab7afdd2881dcf1ff2, clickElement {id=05f398a9-a779-4efb-86a5-14920bd9ba73}]\nCapabilities {acceptInsecureCerts: false, browserName: chrome, browserVersion: 110.0.5481.77, chrome: {chromedriverVersion: 110.0.5481.77 (65ed616c6e8e..., userDataDir: C:\\Users\\user\\AppData\\Local...}, goog:chromeOptions: {debuggerAddress: localhost:65280}, networkConnectionEnabled: false, pageLoadStrategy: normal, platformName: WINDOWS, proxy: Proxy(), se:cdp: ws://localhost:65280/devtoo..., se:cdpVersion: 110.0.5481.77, setWindowRect: true, strictFileInteractability: false, timeouts: {implicit: 0, pageLoad: 300000, script: 30000}, unhandledPromptBehavior: dismiss and notify, webauthn:extension:credBlob: true, webauthn:extension:largeBlob: true, webauthn:virtualAuthenticators: true}\nElement: [[ChromeDriver: chrome on WINDOWS (45f7fb3a0e1d23ab7afdd2881dcf1ff2)] -> xpath: /html/body/div[1]/div[1]/div[2]/div/c-wiz/div/div[2]/div/div[2]/div/div[1]/div/div/button/span]\nSession ID: 45f7fb3a0e1d23ab7afdd2881dcf1ff2\r\n\tat java.base/jdk.internal.reflect.NativeConstructorAccessorImpl.newInstance0(Native Method)\r\n\tat java.base/jdk.internal.reflect.NativeConstructorAccessorImpl.newInstance(NativeConstructorAccessorImpl.java:77)\r\n\tat java.base/jdk.internal.reflect.DelegatingConstructorAccessorImpl.newInstance(DelegatingConstructorAccessorImpl.java:45)\r\n\tat java.base/java.lang.reflect.Constructor.newInstanceWithCaller(Constructor.java:499)\r\n\tat java.base/java.lang.reflect.Constructor.newInstance(Constructor.java:480)\r\n\tat org.openqa.selenium.remote.codec.w3c.W3CHttpResponseCodec.createException(W3CHttpResponseCodec.java:200)\r\n\tat org.openqa.selenium.remote.codec.w3c.W3CHttpResponseCodec.decode(W3CHttpResponseCodec.java:133)\r\n\tat org.openqa.selenium.remote.codec.w3c.W3CHttpResponseCodec.decode(W3CHttpResponseCodec.java:53)\r\n\tat org.openqa.selenium.remote.HttpCommandExecutor.execute(HttpCommandExecutor.java:184)\r\n\tat org.openqa.selenium.remote.service.DriverCommandExecutor.invokeExecute(DriverCommandExecutor.java:167)\r\n\tat org.openqa.selenium.remote.service.DriverCommandExecutor.execute(DriverCommandExecutor.java:142)\r\n\tat org.openqa.selenium.remote.RemoteWebDriver.execute(RemoteWebDriver.java:541)\r\n\tat org.openqa.selenium.remote.RemoteWebElement.execute(RemoteWebElement.java:257)\r\n\tat org.openqa.selenium.remote.RemoteWebElement.click(RemoteWebElement.java:78)\r\n\tat stepDefinitions.forget_password_steps.user_visit_the_mail_and_click_on_the_link(forget_password_steps.java:73)\r\n\tat ✽.user visit the mail and click on the link(file:///C:/Users/user/Desktop/uwas-quality-automation/src/test/resources/functionalFeatures/3forget_password.feature:22)\r\n","duration":31230990400,"status":"failed"},"line":22,"name":"user visit the mail and click on the link","match":{"location":"stepDefinitions.forget_password_steps.user_visit_the_mail_and_click_on_the_link()"},"keyword":"And "},{"result":{"duration":3476600,"status":"skipped"},"line":23,"name":"user write password as \"ADMIN123!\"","match":{"arguments":[{"val":"\"ADMIN123!\"","offset":23}],"location":"stepDefinitions.forget_password_steps.user_write_password(java.lang.String)"},"keyword":"And "},{"result":{"status":"skipped"},"line":24,"name":"user write confirm_password as \"ADMIN123!\"","match":{"arguments":[{"val":"\"ADMIN123!\"","offset":31}],"location":"stepDefinitions.forget_password_steps.user_write_confirm_password(java.lang.String)"},"keyword":"And "},{"result":{"status":"skipped"},"line":25,"name":"the password is not changed and an error message appear","match":{"location":"stepDefinitions.forget_password_steps.the_password_is_not_changed_and_an_error_message_appear()"},"keyword":"Then "}]},{"start_timestamp":"2023-02-23T12:57:11.116Z","line":33,"name":"user forget his password and receive an email to reset it but doesn't accept the password conditions","description":"","id":"test-forget-password-functionality;user-forget-his-password-and-receive-an-email-to-reset-it-but-doesn-t-accept-the-password-conditions;;6","type":"scenario","keyword":"Scenario Outline","steps":[{"result":{"duration":35928613300,"status":"passed"},"line":19,"name":"user open the website and click on forget password","match":{"location":"stepDefinitions.forget_password_steps.user_open_the_website_and_click_on_forget_password()"},"keyword":"Given "},{"result":{"duration":1504695100,"status":"passed"},"line":20,"name":"user write email as \"a.aouadi@coral-io.fr\"","match":{"arguments":[{"val":"\"a.aouadi@coral-io.fr\"","offset":20}],"location":"stepDefinitions.forget_password_steps.user_write_email(java.lang.String)"},"keyword":"When "},{"result":{"duration":165542500,"status":"passed"},"line":21,"name":"user confirm the email","match":{"location":"stepDefinitions.forget_password_steps.user_confirm_the_email()"},"keyword":"And "},{"result":{"error_message":"org.openqa.selenium.NoSuchElementException: no such element: Unable to locate element: {\"method\":\"css selector\",\"selector\":\".zE\"}\n  (Session info: chrome=110.0.5481.77)\nFor documentation on this error, please visit: https://selenium.dev/exceptions/#no_such_element\nBuild info: version: '4.6.0', revision: '79f1c02ae20'\nSystem info: os.name: 'Windows 10', os.arch: 'amd64', os.version: '10.0', java.version: '17.0.6'\nDriver info: org.openqa.selenium.chrome.ChromeDriver\nCommand: [aab6db368598c63597ccae59247666c7, findElement {using=class name, value=zE}]\nCapabilities {acceptInsecureCerts: false, browserName: chrome, browserVersion: 110.0.5481.77, chrome: {chromedriverVersion: 110.0.5481.77 (65ed616c6e8e..., userDataDir: C:\\Users\\user\\AppData\\Local...}, goog:chromeOptions: {debuggerAddress: localhost:65408}, networkConnectionEnabled: false, pageLoadStrategy: normal, platformName: WINDOWS, proxy: Proxy(), se:cdp: ws://localhost:65408/devtoo..., se:cdpVersion: 110.0.5481.77, setWindowRect: true, strictFileInteractability: false, timeouts: {implicit: 0, pageLoad: 300000, script: 30000}, unhandledPromptBehavior: dismiss and notify, webauthn:extension:credBlob: true, webauthn:extension:largeBlob: true, webauthn:virtualAuthenticators: true}\nSession ID: aab6db368598c63597ccae59247666c7\r\n\tat java.base/jdk.internal.reflect.NativeConstructorAccessorImpl.newInstance0(Native Method)\r\n\tat java.base/jdk.internal.reflect.NativeConstructorAccessorImpl.newInstance(NativeConstructorAccessorImpl.java:77)\r\n\tat java.base/jdk.internal.reflect.DelegatingConstructorAccessorImpl.newInstance(DelegatingConstructorAccessorImpl.java:45)\r\n\tat java.base/java.lang.reflect.Constructor.newInstanceWithCaller(Constructor.java:499)\r\n\tat java.base/java.lang.reflect.Constructor.newInstance(Constructor.java:480)\r\n\tat org.openqa.selenium.remote.codec.w3c.W3CHttpResponseCodec.createException(W3CHttpResponseCodec.java:200)\r\n\tat org.openqa.selenium.remote.codec.w3c.W3CHttpResponseCodec.decode(W3CHttpResponseCodec.java:133)\r\n\tat org.openqa.selenium.remote.codec.w3c.W3CHttpResponseCodec.decode(W3CHttpResponseCodec.java:53)\r\n\tat org.openqa.selenium.remote.HttpCommandExecutor.execute(HttpCommandExecutor.java:184)\r\n\tat org.openqa.selenium.remote.service.DriverCommandExecutor.invokeExecute(DriverCommandExecutor.java:167)\r\n\tat org.openqa.selenium.remote.service.DriverCommandExecutor.execute(DriverCommandExecutor.java:142)\r\n\tat org.openqa.selenium.remote.RemoteWebDriver.execute(RemoteWebDriver.java:541)\r\n\tat org.openqa.selenium.remote.ElementLocation$ElementFinder$2.findElement(ElementLocation.java:162)\r\n\tat org.openqa.selenium.remote.ElementLocation.findElement(ElementLocation.java:66)\r\n\tat org.openqa.selenium.remote.RemoteWebDriver.findElement(RemoteWebDriver.java:365)\r\n\tat org.openqa.selenium.remote.RemoteWebDriver.findElement(RemoteWebDriver.java:357)\r\n\tat stepDefinitions.forget_password_steps.user_visit_the_mail_and_click_on_the_link(forget_password_steps.java:75)\r\n\tat ✽.user visit the mail and click on the link(file:///C:/Users/user/Desktop/uwas-quality-automation/src/test/resources/functionalFeatures/3forget_password.feature:22)\r\n","duration":66614949100,"status":"failed"},"line":22,"name":"user visit the mail and click on the link","match":{"location":"stepDefinitions.forget_password_steps.user_visit_the_mail_and_click_on_the_link()"},"keyword":"And "},{"result":{"status":"skipped"},"line":23,"name":"user write password as \"Admin1!\"","match":{"arguments":[{"val":"\"Admin1!\"","offset":23}],"location":"stepDefinitions.forget_password_steps.user_write_password(java.lang.String)"},"keyword":"And "},{"result":{"duration":496900,"status":"skipped"},"line":24,"name":"user write confirm_password as \"Admin1!\"","match":{"arguments":[{"val":"\"Admin1!\"","offset":31}],"location":"stepDefinitions.forget_password_steps.user_write_confirm_password(java.lang.String)"},"keyword":"And "},{"result":{"status":"skipped"},"line":25,"name":"the password is not changed and an error message appear","match":{"location":"stepDefinitions.forget_password_steps.the_password_is_not_changed_and_an_error_message_appear()"},"keyword":"Then "}]},{"start_timestamp":"2023-02-23T12:58:55.411Z","line":34,"name":"user forget his password and receive an email to reset it but doesn't accept the password conditions","description":"","id":"test-forget-password-functionality;user-forget-his-password-and-receive-an-email-to-reset-it-but-doesn-t-accept-the-password-conditions;;7","type":"scenario","keyword":"Scenario Outline","steps":[{"result":{"duration":27471935400,"status":"passed"},"line":19,"name":"user open the website and click on forget password","match":{"location":"stepDefinitions.forget_password_steps.user_open_the_website_and_click_on_forget_password()"},"keyword":"Given "},{"result":{"duration":1469476600,"status":"passed"},"line":20,"name":"user write email as \"a.aouadi@coral-io.fr\"","match":{"arguments":[{"val":"\"a.aouadi@coral-io.fr\"","offset":20}],"location":"stepDefinitions.forget_password_steps.user_write_email(java.lang.String)"},"keyword":"When "},{"result":{"duration":143174100,"status":"passed"},"line":21,"name":"user confirm the email","match":{"location":"stepDefinitions.forget_password_steps.user_confirm_the_email()"},"keyword":"And "},{"result":{"error_message":"org.openqa.selenium.NoSuchElementException: no such element: Unable to locate element: {\"method\":\"css selector\",\"selector\":\".zE\"}\n  (Session info: chrome=110.0.5481.77)\nFor documentation on this error, please visit: https://selenium.dev/exceptions/#no_such_element\nBuild info: version: '4.6.0', revision: '79f1c02ae20'\nSystem info: os.name: 'Windows 10', os.arch: 'amd64', os.version: '10.0', java.version: '17.0.6'\nDriver info: org.openqa.selenium.chrome.ChromeDriver\nCommand: [fd03cb66ca1850196c4cb4d29c673125, findElement {using=class name, value=zE}]\nCapabilities {acceptInsecureCerts: false, browserName: chrome, browserVersion: 110.0.5481.77, chrome: {chromedriverVersion: 110.0.5481.77 (65ed616c6e8e..., userDataDir: C:\\Users\\user\\AppData\\Local...}, goog:chromeOptions: {debuggerAddress: localhost:49248}, networkConnectionEnabled: false, pageLoadStrategy: normal, platformName: WINDOWS, proxy: Proxy(), se:cdp: ws://localhost:49248/devtoo..., se:cdpVersion: 110.0.5481.77, setWindowRect: true, strictFileInteractability: false, timeouts: {implicit: 0, pageLoad: 300000, script: 30000}, unhandledPromptBehavior: dismiss and notify, webauthn:extension:credBlob: true, webauthn:extension:largeBlob: true, webauthn:virtualAuthenticators: true}\nSession ID: fd03cb66ca1850196c4cb4d29c673125\r\n\tat java.base/jdk.internal.reflect.NativeConstructorAccessorImpl.newInstance0(Native Method)\r\n\tat java.base/jdk.internal.reflect.NativeConstructorAccessorImpl.newInstance(NativeConstructorAccessorImpl.java:77)\r\n\tat java.base/jdk.internal.reflect.DelegatingConstructorAccessorImpl.newInstance(DelegatingConstructorAccessorImpl.java:45)\r\n\tat java.base/java.lang.reflect.Constructor.newInstanceWithCaller(Constructor.java:499)\r\n\tat java.base/java.lang.reflect.Constructor.newInstance(Constructor.java:480)\r\n\tat org.openqa.selenium.remote.codec.w3c.W3CHttpResponseCodec.createException(W3CHttpResponseCodec.java:200)\r\n\tat org.openqa.selenium.remote.codec.w3c.W3CHttpResponseCodec.decode(W3CHttpResponseCodec.java:133)\r\n\tat org.openqa.selenium.remote.codec.w3c.W3CHttpResponseCodec.decode(W3CHttpResponseCodec.java:53)\r\n\tat org.openqa.selenium.remote.HttpCommandExecutor.execute(HttpCommandExecutor.java:184)\r\n\tat org.openqa.selenium.remote.service.DriverCommandExecutor.invokeExecute(DriverCommandExecutor.java:167)\r\n\tat org.openqa.selenium.remote.service.DriverCommandExecutor.execute(DriverCommandExecutor.java:142)\r\n\tat org.openqa.selenium.remote.RemoteWebDriver.execute(RemoteWebDriver.java:541)\r\n\tat org.openqa.selenium.remote.ElementLocation$ElementFinder$2.findElement(ElementLocation.java:162)\r\n\tat org.openqa.selenium.remote.ElementLocation.findElement(ElementLocation.java:66)\r\n\tat org.openqa.selenium.remote.RemoteWebDriver.findElement(RemoteWebDriver.java:365)\r\n\tat org.openqa.selenium.remote.RemoteWebDriver.findElement(RemoteWebDriver.java:357)\r\n\tat stepDefinitions.forget_password_steps.user_visit_the_mail_and_click_on_the_link(forget_password_steps.java:75)\r\n\tat ✽.user visit the mail and click on the link(file:///C:/Users/user/Desktop/uwas-quality-automation/src/test/resources/functionalFeatures/3forget_password.feature:22)\r\n","duration":54671034400,"status":"failed"},"line":22,"name":"user visit the mail and click on the link","match":{"location":"stepDefinitions.forget_password_steps.user_visit_the_mail_and_click_on_the_link()"},"keyword":"And "},{"result":{"duration":497000,"status":"skipped"},"line":23,"name":"user write password as \"\"","match":{"arguments":[{"val":"\"\"","offset":23}],"location":"stepDefinitions.forget_password_steps.user_write_password(java.lang.String)"},"keyword":"And "},{"result":{"duration":1528400,"status":"skipped"},"line":24,"name":"user write confirm_password as \"Admin123!\"","match":{"arguments":[{"val":"\"Admin123!\"","offset":31}],"location":"stepDefinitions.forget_password_steps.user_write_confirm_password(java.lang.String)"},"keyword":"And "},{"result":{"duration":498900,"status":"skipped"},"line":25,"name":"the password is not changed and an error message appear","match":{"location":"stepDefinitions.forget_password_steps.the_password_is_not_changed_and_an_error_message_appear()"},"keyword":"Then "}]},{"start_timestamp":"2023-02-23T13:00:19.304Z","line":35,"name":"user forget his password and receive an email to reset it but doesn't accept the password conditions","description":"","id":"test-forget-password-functionality;user-forget-his-password-and-receive-an-email-to-reset-it-but-doesn-t-accept-the-password-conditions;;8","type":"scenario","keyword":"Scenario Outline","steps":[{"result":{"duration":24921252100,"status":"passed"},"line":19,"name":"user open the website and click on forget password","match":{"location":"stepDefinitions.forget_password_steps.user_open_the_website_and_click_on_forget_password()"},"keyword":"Given "},{"result":{"duration":1437846700,"status":"passed"},"line":20,"name":"user write email as \"a.aouadi@coral-io.fr\"","match":{"arguments":[{"val":"\"a.aouadi@coral-io.fr\"","offset":20}],"location":"stepDefinitions.forget_password_steps.user_write_email(java.lang.String)"},"keyword":"When "},{"result":{"duration":130510800,"status":"passed"},"line":21,"name":"user confirm the email","match":{"location":"stepDefinitions.forget_password_steps.user_confirm_the_email()"},"keyword":"And "},{"result":{"error_message":"org.openqa.selenium.NoSuchElementException: no such element: Unable to locate element: {\"method\":\"css selector\",\"selector\":\".zE\"}\n  (Session info: chrome=110.0.5481.77)\nFor documentation on this error, please visit: https://selenium.dev/exceptions/#no_such_element\nBuild info: version: '4.6.0', revision: '79f1c02ae20'\nSystem info: os.name: 'Windows 10', os.arch: 'amd64', os.version: '10.0', java.version: '17.0.6'\nDriver info: org.openqa.selenium.chrome.ChromeDriver\nCommand: [8d56f812ecf90a41fae0d81288594885, findElement {using=class name, value=zE}]\nCapabilities {acceptInsecureCerts: false, browserName: chrome, browserVersion: 110.0.5481.77, chrome: {chromedriverVersion: 110.0.5481.77 (65ed616c6e8e..., userDataDir: C:\\Users\\user\\AppData\\Local...}, goog:chromeOptions: {debuggerAddress: localhost:49690}, networkConnectionEnabled: false, pageLoadStrategy: normal, platformName: WINDOWS, proxy: Proxy(), se:cdp: ws://localhost:49690/devtoo..., se:cdpVersion: 110.0.5481.77, setWindowRect: true, strictFileInteractability: false, timeouts: {implicit: 0, pageLoad: 300000, script: 30000}, unhandledPromptBehavior: dismiss and notify, webauthn:extension:credBlob: true, webauthn:extension:largeBlob: true, webauthn:virtualAuthenticators: true}\nSession ID: 8d56f812ecf90a41fae0d81288594885\r\n\tat java.base/jdk.internal.reflect.NativeConstructorAccessorImpl.newInstance0(Native Method)\r\n\tat java.base/jdk.internal.reflect.NativeConstructorAccessorImpl.newInstance(NativeConstructorAccessorImpl.java:77)\r\n\tat java.base/jdk.internal.reflect.DelegatingConstructorAccessorImpl.newInstance(DelegatingConstructorAccessorImpl.java:45)\r\n\tat java.base/java.lang.reflect.Constructor.newInstanceWithCaller(Constructor.java:499)\r\n\tat java.base/java.lang.reflect.Constructor.newInstance(Constructor.java:480)\r\n\tat org.openqa.selenium.remote.codec.w3c.W3CHttpResponseCodec.createException(W3CHttpResponseCodec.java:200)\r\n\tat org.openqa.selenium.remote.codec.w3c.W3CHttpResponseCodec.decode(W3CHttpResponseCodec.java:133)\r\n\tat org.openqa.selenium.remote.codec.w3c.W3CHttpResponseCodec.decode(W3CHttpResponseCodec.java:53)\r\n\tat org.openqa.selenium.remote.HttpCommandExecutor.execute(HttpCommandExecutor.java:184)\r\n\tat org.openqa.selenium.remote.service.DriverCommandExecutor.invokeExecute(DriverCommandExecutor.java:167)\r\n\tat org.openqa.selenium.remote.service.DriverCommandExecutor.execute(DriverCommandExecutor.java:142)\r\n\tat org.openqa.selenium.remote.RemoteWebDriver.execute(RemoteWebDriver.java:541)\r\n\tat org.openqa.selenium.remote.ElementLocation$ElementFinder$2.findElement(ElementLocation.java:162)\r\n\tat org.openqa.selenium.remote.ElementLocation.findElement(ElementLocation.java:66)\r\n\tat org.openqa.selenium.remote.RemoteWebDriver.findElement(RemoteWebDriver.java:365)\r\n\tat org.openqa.selenium.remote.RemoteWebDriver.findElement(RemoteWebDriver.java:357)\r\n\tat stepDefinitions.forget_password_steps.user_visit_the_mail_and_click_on_the_link(forget_password_steps.java:75)\r\n\tat ✽.user visit the mail and click on the link(file:///C:/Users/user/Desktop/uwas-quality-automation/src/test/resources/functionalFeatures/3forget_password.feature:22)\r\n","duration":39844581200,"status":"failed"},"line":22,"name":"user visit the mail and click on the link","match":{"location":"stepDefinitions.forget_password_steps.user_visit_the_mail_and_click_on_the_link()"},"keyword":"And "},{"result":{"status":"skipped"},"line":23,"name":"user write password as \"Admin123!\"","match":{"arguments":[{"val":"\"Admin123!\"","offset":23}],"location":"stepDefinitions.forget_password_steps.user_write_password(java.lang.String)"},"keyword":"And "},{"result":{"status":"skipped"},"line":24,"name":"user write confirm_password as \"Admin12345!\"","match":{"arguments":[{"val":"\"Admin12345!\"","offset":31}],"location":"stepDefinitions.forget_password_steps.user_write_confirm_password(java.lang.String)"},"keyword":"And "},{"result":{"status":"skipped"},"line":25,"name":"the password is not changed and an error message appear","match":{"location":"stepDefinitions.forget_password_steps.the_password_is_not_changed_and_an_error_message_appear()"},"keyword":"Then "}]},{"start_timestamp":"2023-02-23T13:01:25.752Z","line":36,"name":"user forget his password and receive an email to reset it but doesn't accept the password conditions","description":"","id":"test-forget-password-functionality;user-forget-his-password-and-receive-an-email-to-reset-it-but-doesn-t-accept-the-password-conditions;;9","type":"scenario","keyword":"Scenario Outline","steps":[{"result":{"duration":26063770900,"status":"passed"},"line":19,"name":"user open the website and click on forget password","match":{"location":"stepDefinitions.forget_password_steps.user_open_the_website_and_click_on_forget_password()"},"keyword":"Given "},{"result":{"duration":1753437100,"status":"passed"},"line":20,"name":"user write email as \"a.aouadi@coral-io.fr\"","match":{"arguments":[{"val":"\"a.aouadi@coral-io.fr\"","offset":20}],"location":"stepDefinitions.forget_password_steps.user_write_email(java.lang.String)"},"keyword":"When "},{"result":{"duration":233273700,"status":"passed"},"line":21,"name":"user confirm the email","match":{"location":"stepDefinitions.forget_password_steps.user_confirm_the_email()"},"keyword":"And "},{"result":{"error_message":"org.openqa.selenium.NoSuchElementException: no such element: Unable to locate element: {\"method\":\"css selector\",\"selector\":\".zE\"}\n  (Session info: chrome=110.0.5481.77)\nFor documentation on this error, please visit: https://selenium.dev/exceptions/#no_such_element\nBuild info: version: '4.6.0', revision: '79f1c02ae20'\nSystem info: os.name: 'Windows 10', os.arch: 'amd64', os.version: '10.0', java.version: '17.0.6'\nDriver info: org.openqa.selenium.chrome.ChromeDriver\nCommand: [94262406e3f92eb9efb37ca8f869658a, findElement {using=class name, value=zE}]\nCapabilities {acceptInsecureCerts: false, browserName: chrome, browserVersion: 110.0.5481.77, chrome: {chromedriverVersion: 110.0.5481.77 (65ed616c6e8e..., userDataDir: C:\\Users\\user\\AppData\\Local...}, goog:chromeOptions: {debuggerAddress: localhost:49808}, networkConnectionEnabled: false, pageLoadStrategy: normal, platformName: WINDOWS, proxy: Proxy(), se:cdp: ws://localhost:49808/devtoo..., se:cdpVersion: 110.0.5481.77, setWindowRect: true, strictFileInteractability: false, timeouts: {implicit: 0, pageLoad: 300000, script: 30000}, unhandledPromptBehavior: dismiss and notify, webauthn:extension:credBlob: true, webauthn:extension:largeBlob: true, webauthn:virtualAuthenticators: true}\nSession ID: 94262406e3f92eb9efb37ca8f869658a\r\n\tat java.base/jdk.internal.reflect.NativeConstructorAccessorImpl.newInstance0(Native Method)\r\n\tat java.base/jdk.internal.reflect.NativeConstructorAccessorImpl.newInstance(NativeConstructorAccessorImpl.java:77)\r\n\tat java.base/jdk.internal.reflect.DelegatingConstructorAccessorImpl.newInstance(DelegatingConstructorAccessorImpl.java:45)\r\n\tat java.base/java.lang.reflect.Constructor.newInstanceWithCaller(Constructor.java:499)\r\n\tat java.base/java.lang.reflect.Constructor.newInstance(Constructor.java:480)\r\n\tat org.openqa.selenium.remote.codec.w3c.W3CHttpResponseCodec.createException(W3CHttpResponseCodec.java:200)\r\n\tat org.openqa.selenium.remote.codec.w3c.W3CHttpResponseCodec.decode(W3CHttpResponseCodec.java:133)\r\n\tat org.openqa.selenium.remote.codec.w3c.W3CHttpResponseCodec.decode(W3CHttpResponseCodec.java:53)\r\n\tat org.openqa.selenium.remote.HttpCommandExecutor.execute(HttpCommandExecutor.java:184)\r\n\tat org.openqa.selenium.remote.service.DriverCommandExecutor.invokeExecute(DriverCommandExecutor.java:167)\r\n\tat org.openqa.selenium.remote.service.DriverCommandExecutor.execute(DriverCommandExecutor.java:142)\r\n\tat org.openqa.selenium.remote.RemoteWebDriver.execute(RemoteWebDriver.java:541)\r\n\tat org.openqa.selenium.remote.ElementLocation$ElementFinder$2.findElement(ElementLocation.java:162)\r\n\tat org.openqa.selenium.remote.ElementLocation.findElement(ElementLocation.java:66)\r\n\tat org.openqa.selenium.remote.RemoteWebDriver.findElement(RemoteWebDriver.java:365)\r\n\tat org.openqa.selenium.remote.RemoteWebDriver.findElement(RemoteWebDriver.java:357)\r\n\tat stepDefinitions.forget_password_steps.user_visit_the_mail_and_click_on_the_link(forget_password_steps.java:75)\r\n\tat ✽.user visit the mail and click on the link(file:///C:/Users/user/Desktop/uwas-quality-automation/src/test/resources/functionalFeatures/3forget_password.feature:22)\r\n","duration":39864082000,"status":"failed"},"line":22,"name":"user visit the mail and click on the link","match":{"location":"stepDefinitions.forget_password_steps.user_visit_the_mail_and_click_on_the_link()"},"keyword":"And "},{"result":{"duration":541200,"status":"skipped"},"line":23,"name":"user write password as \"Admin123!\"","match":{"arguments":[{"val":"\"Admin123!\"","offset":23}],"location":"stepDefinitions.forget_password_steps.user_write_password(java.lang.String)"},"keyword":"And "},{"result":{"status":"skipped"},"line":24,"name":"user write confirm_password as \"\"","match":{"arguments":[{"val":"\"\"","offset":31}],"location":"stepDefinitions.forget_password_steps.user_write_confirm_password(java.lang.String)"},"keyword":"And "},{"result":{"status":"skipped"},"line":25,"name":"the password is not changed and an error message appear","match":{"location":"stepDefinitions.forget_password_steps.the_password_is_not_changed_and_an_error_message_appear()"},"keyword":"Then "}]}],"name":"test forget password functionality","description":"","id":"test-forget-password-functionality","keyword":"Feature","uri":"file:src/test/resources/functionalFeatures/3forget_password.feature","tags":[]}]