<?xml version="1.0" encoding="UTF-8" ?>
<testsuite tests="1" failures="0" name="runner.TestRunner" time="52.426" errors="1" skipped="0">
  <properties>
[...]
</properties>
  <testcase classname="test forget password functionality" name="user forget his password and receive an email to reset it" time="52.426">
    <error message="no such element: Unable to locate element: {&quot;method&quot;:&quot;css selector&quot;,&quot;selector&quot;:&quot;#normal_login_email&quot;}
  (Session info: chrome=110.0.5481.105)
For documentation on this error, please visit: https://selenium.dev/exceptions/#no_such_element
Build info: version: &apos;4.6.0&apos;, revision: &apos;79f1c02ae20&apos;
System info: os.name: &apos;Windows 10&apos;, os.arch: &apos;amd64&apos;, os.version: &apos;10.0&apos;, java.version: &apos;17.0.6&apos;
Driver info: org.openqa.selenium.chrome.ChromeDriver
Command: [e755965204931393d493b78092c2f82e, findElement {using=id, value=normal_login_email}]
Capabilities {acceptInsecureCerts: false, browserName: chrome, browserVersion: 110.0.5481.105, chrome: {chromedriverVersion: 110.0.5481.77 (65ed616c6e8e..., userDataDir: C:\Users\user\AppData\Local...}, goog:chromeOptions: {debuggerAddress: localhost:62762}, networkConnectionEnabled: false, pageLoadStrategy: normal, platformName: WINDOWS, proxy: Proxy(), se:cdp: ws://localhost:62762/devtoo..., se:cdpVersion: 110.0.5481.105, setWindowRect: true, strictFileInteractability: false, timeouts: {implicit: 0, pageLoad: 300000, script: 30000}, unhandledPromptBehavior: dismiss and notify, webauthn:extension:credBlob: true, webauthn:extension:largeBlob: true, webauthn:virtualAuthenticators: true}
Session ID: e755965204931393d493b78092c2f82e" type="org.openqa.selenium.NoSuchElementException">org.openqa.selenium.NoSuchElementException: no such element: Unable to locate element: {&quot;method&quot;:&quot;css selector&quot;,&quot;selector&quot;:&quot;#normal_login_email&quot;}
  (Session info: chrome=110.0.5481.105)
For documentation on this error, please visit: https://selenium.dev/exceptions/#no_such_element
Build info: version: &apos;4.6.0&apos;, revision: &apos;79f1c02ae20&apos;
System info: os.name: &apos;Windows 10&apos;, os.arch: &apos;amd64&apos;, os.version: &apos;10.0&apos;, java.version: &apos;17.0.6&apos;
Driver info: org.openqa.selenium.chrome.ChromeDriver
Command: [e755965204931393d493b78092c2f82e, findElement {using=id, value=normal_login_email}]
Capabilities {acceptInsecureCerts: false, browserName: chrome, browserVersion: 110.0.5481.105, chrome: {chromedriverVersion: 110.0.5481.77 (65ed616c6e8e..., userDataDir: C:\Users\user\AppData\Local...}, goog:chromeOptions: {debuggerAddress: localhost:62762}, networkConnectionEnabled: false, pageLoadStrategy: normal, platformName: WINDOWS, proxy: Proxy(), se:cdp: ws://localhost:62762/devtoo..., se:cdpVersion: 110.0.5481.105, setWindowRect: true, strictFileInteractability: false, timeouts: {implicit: 0, pageLoad: 300000, script: 30000}, unhandledPromptBehavior: dismiss and notify, webauthn:extension:credBlob: true, webauthn:extension:largeBlob: true, webauthn:virtualAuthenticators: true}
Session ID: e755965204931393d493b78092c2f82e
	at java.base/jdk.internal.reflect.NativeConstructorAccessorImpl.newInstance0(Native Method)
	at java.base/jdk.internal.reflect.NativeConstructorAccessorImpl.newInstance(NativeConstructorAccessorImpl.java:77)
	at java.base/jdk.internal.reflect.DelegatingConstructorAccessorImpl.newInstance(DelegatingConstructorAccessorImpl.java:45)
	at java.base/java.lang.reflect.Constructor.newInstanceWithCaller(Constructor.java:499)
	at java.base/java.lang.reflect.Constructor.newInstance(Constructor.java:480)
	at org.openqa.selenium.remote.codec.w3c.W3CHttpResponseCodec.createException(W3CHttpResponseCodec.java:200)
	at org.openqa.selenium.remote.codec.w3c.W3CHttpResponseCodec.decode(W3CHttpResponseCodec.java:133)
	at org.openqa.selenium.remote.codec.w3c.W3CHttpResponseCodec.decode(W3CHttpResponseCodec.java:53)
	at org.openqa.selenium.remote.HttpCommandExecutor.execute(HttpCommandExecutor.java:184)
	at org.openqa.selenium.remote.service.DriverCommandExecutor.invokeExecute(DriverCommandExecutor.java:167)
	at org.openqa.selenium.remote.service.DriverCommandExecutor.execute(DriverCommandExecutor.java:142)
	at org.openqa.selenium.remote.RemoteWebDriver.execute(RemoteWebDriver.java:541)
	at org.openqa.selenium.remote.ElementLocation$ElementFinder$2.findElement(ElementLocation.java:162)
	at org.openqa.selenium.remote.ElementLocation.findElement(ElementLocation.java:60)
	at org.openqa.selenium.remote.RemoteWebDriver.findElement(RemoteWebDriver.java:365)
	at org.openqa.selenium.remote.RemoteWebDriver.findElement(RemoteWebDriver.java:357)
	at stepDefinitions.forget_password_steps.the_password_is_changed_user_can_login_with_new_password_and_email(forget_password_steps.java:132)
	at ✽.the password is changed user can login with new password as &quot;Aziz1996@!!&quot; and email as &quot;uwas@qa.team&quot;(file:///C:/Users/user/Desktop/uwas-quality-automation/src/test/resources/functionalFeatures/3forget_password.feature:10)
</error>
    <system-out>
@SmokeTest
Scenario: user forget his password and receive an email to reset it                                          &amp;#27;[90m# src/test/resources/functionalFeatures/3forget_password.feature:29&amp;#27;[0m
  &amp;#27;[32mGiven &amp;#27;[0m&amp;#27;[32muser open the website and click on forget password&amp;#27;[0m                                                   &amp;#27;[90m# stepDefinitions.forget_password_steps.user_open_the_website_and_click_on_forget_password()&amp;#27;[0m
  &amp;#27;[32mWhen &amp;#27;[0m&amp;#27;[32muser write email as &amp;#27;[0m&amp;#27;[32m&amp;#27;[1m&quot;uwas@qa.team&quot;&amp;#27;[0m                                                                    &amp;#27;[90m# stepDefinitions.forget_password_steps.user_write_email(java.lang.String)&amp;#27;[0m
  &amp;#27;[32mAnd &amp;#27;[0m&amp;#27;[32muser confirm the email&amp;#27;[0m                                                                                 &amp;#27;[90m# stepDefinitions.forget_password_steps.user_confirm_the_email()&amp;#27;[0m
  &amp;#27;[32mAnd &amp;#27;[0m&amp;#27;[32muser visit the mail and click on the link&amp;#27;[0m                                                              &amp;#27;[90m# stepDefinitions.forget_password_steps.user_visit_the_mail_and_click_on_the_link()&amp;#27;[0m
  &amp;#27;[32mAnd &amp;#27;[0m&amp;#27;[32muser write password as &amp;#27;[0m&amp;#27;[32m&amp;#27;[1m&quot;Aziz1996@!!&quot;&amp;#27;[0m                                                                   &amp;#27;[90m# stepDefinitions.forget_password_steps.user_write_password(java.lang.String)&amp;#27;[0m
  &amp;#27;[32mAnd &amp;#27;[0m&amp;#27;[32muser write confirm_password as &amp;#27;[0m&amp;#27;[32m&amp;#27;[1m&quot;Aziz1996@!!&quot;&amp;#27;[0m                                                           &amp;#27;[90m# stepDefinitions.forget_password_steps.user_write_confirm_password(java.lang.String)&amp;#27;[0m
  &amp;#27;[31mThen &amp;#27;[0m&amp;#27;[31mthe password is changed user can login with new password as &amp;#27;[0m&amp;#27;[31m&amp;#27;[1m&quot;Aziz1996@!!&quot;&amp;#27;[0m&amp;#27;[31m and email as &amp;#27;[0m&amp;#27;[31m&amp;#27;[1m&quot;uwas@qa.team&quot;&amp;#27;[0m &amp;#27;[90m# stepDefinitions.forget_password_steps.the_password_is_changed_user_can_login_with_new_password_and_email(java.lang.String,java.lang.String)&amp;#27;[0m
      &amp;#27;[31morg.openqa.selenium.NoSuchElementException: no such element: Unable to locate element: {&quot;method&quot;:&quot;css selector&quot;,&quot;selector&quot;:&quot;#normal_login_email&quot;}
  (Session info: chrome=110.0.5481.105)
For documentation on this error, please visit: https://selenium.dev/exceptions/#no_such_element
Build info: version: &apos;4.6.0&apos;, revision: &apos;79f1c02ae20&apos;
System info: os.name: &apos;Windows 10&apos;, os.arch: &apos;amd64&apos;, os.version: &apos;10.0&apos;, java.version: &apos;17.0.6&apos;
Driver info: org.openqa.selenium.chrome.ChromeDriver
Command: [e755965204931393d493b78092c2f82e, findElement {using=id, value=normal_login_email}]
Capabilities {acceptInsecureCerts: false, browserName: chrome, browserVersion: 110.0.5481.105, chrome: {chromedriverVersion: 110.0.5481.77 (65ed616c6e8e..., userDataDir: C:\Users\user\AppData\Local...}, goog:chromeOptions: {debuggerAddress: localhost:62762}, networkConnectionEnabled: false, pageLoadStrategy: normal, platformName: WINDOWS, proxy: Proxy(), se:cdp: ws://localhost:62762/devtoo..., se:cdpVersion: 110.0.5481.105, setWindowRect: true, strictFileInteractability: false, timeouts: {implicit: 0, pageLoad: 300000, script: 30000}, unhandledPromptBehavior: dismiss and notify, webauthn:extension:credBlob: true, webauthn:extension:largeBlob: true, webauthn:virtualAuthenticators: true}
Session ID: e755965204931393d493b78092c2f82e
	at java.base/jdk.internal.reflect.NativeConstructorAccessorImpl.newInstance0(Native Method)
	at java.base/jdk.internal.reflect.NativeConstructorAccessorImpl.newInstance(NativeConstructorAccessorImpl.java:77)
	at java.base/jdk.internal.reflect.DelegatingConstructorAccessorImpl.newInstance(DelegatingConstructorAccessorImpl.java:45)
	at java.base/java.lang.reflect.Constructor.newInstanceWithCaller(Constructor.java:499)
	at java.base/java.lang.reflect.Constructor.newInstance(Constructor.java:480)
	at org.openqa.selenium.remote.codec.w3c.W3CHttpResponseCodec.createException(W3CHttpResponseCodec.java:200)
	at org.openqa.selenium.remote.codec.w3c.W3CHttpResponseCodec.decode(W3CHttpResponseCodec.java:133)
	at org.openqa.selenium.remote.codec.w3c.W3CHttpResponseCodec.decode(W3CHttpResponseCodec.java:53)
	at org.openqa.selenium.remote.HttpCommandExecutor.execute(HttpCommandExecutor.java:184)
	at org.openqa.selenium.remote.service.DriverCommandExecutor.invokeExecute(DriverCommandExecutor.java:167)
	at org.openqa.selenium.remote.service.DriverCommandExecutor.execute(DriverCommandExecutor.java:142)
	at org.openqa.selenium.remote.RemoteWebDriver.execute(RemoteWebDriver.java:541)
	at org.openqa.selenium.remote.ElementLocation$ElementFinder$2.findElement(ElementLocation.java:162)
	at org.openqa.selenium.remote.ElementLocation.findElement(ElementLocation.java:60)
	at org.openqa.selenium.remote.RemoteWebDriver.findElement(RemoteWebDriver.java:365)
	at org.openqa.selenium.remote.RemoteWebDriver.findElement(RemoteWebDriver.java:357)
	at stepDefinitions.forget_password_steps.the_password_is_changed_user_can_login_with_new_password_and_email(forget_password_steps.java:132)
	at âœ½.the password is changed user can login with new password as &quot;Aziz1996@!!&quot; and email as &quot;uwas@qa.team&quot;(file:///C:/Users/user/Desktop/uwas-quality-automation/src/test/resources/functionalFeatures/3forget_password.feature:10)
&amp;#27;[0m
</system-out>
    <system-err>Starting ChromeDriver 110.0.5481.77 (65ed616c6e8ee3fe0ad64fe83796c020644d42af-refs/branch-heads/5481@{#839}) on port 10380
Only local connections are allowed.
Please see https://chromedriver.chromium.org/security-considerations for suggestions on keeping ChromeDriver safe.
ChromeDriver was started successfully.
[1677236182.583][WARNING]: virtual void DevToolsClientImpl::AddListener(DevToolsEventListener *) subscribing a listener to the already connected DevToolsClient. Connection notification will not arrive.
févr. 24, 2023 11:56:23 AM org.openqa.selenium.devtools.CdpVersionFinder findNearestMatch
WARNING: Unable to find an exact match for CDP version 110, so returning the closest version found: 107
[main] INFO org.uwas.Driver - BaseUrl to test is :https://coralio:cmVjZXR0ZWNvcmFsaW8yMDIyCg==@recette.uwas.fr
</system-err>
  </testcase>
</testsuite>